<?xml version="1.0" encoding="UTF-8"?>
<testng-results skipped="0" failed="0" ignored="0" total="1" passed="1">
  <reporter-output>
  </reporter-output>
  <suite name="example suite 1" duration-ms="154522" started-at="2017-03-27T16:57:29Z" finished-at="2017-03-27T17:00:04Z">
    <groups>
    </groups>
    <test name="Regression suite 1" duration-ms="154522" started-at="2017-03-27T16:57:29Z" finished-at="2017-03-27T17:00:04Z">
      <class name="DockerizeAppium">
        <test-method status="PASS" signature="beforeClass()[pri:0, instance:DockerizeAppium@1936f0f5]" name="beforeClass" is-config="true" duration-ms="146851" started-at="2017-03-27T16:57:29Z" finished-at="2017-03-27T16:59:56Z">
          <reporter-output>
          </reporter-output>
        </test-method> <!-- beforeClass -->
        <test-method status="PASS" signature="horizontalSwipingTest()[pri:0, instance:DockerizeAppium@1936f0f5]" name="horizontalSwipingTest" duration-ms="5283" started-at="2017-03-27T16:59:56Z" finished-at="2017-03-27T17:00:01Z">
          <reporter-output>
          </reporter-output>
        </test-method> <!-- horizontalSwipingTest -->
        <test-method status="PASS" signature="afterClass()[pri:0, instance:DockerizeAppium@1936f0f5]" name="afterClass" is-config="true" duration-ms="2357" started-at="2017-03-27T17:00:01Z" finished-at="2017-03-27T17:00:04Z">
          <reporter-output>
          </reporter-output>
        </test-method> <!-- afterClass -->
      </class> <!-- DockerizeAppium -->
    </test> <!-- Regression suite 1 -->
  </suite> <!-- example suite 1 -->
</testng-results>
